<?xml version="1.0" encoding="UTF-8"?>
<testsuites>
  <testsuite name="" tests="44" assertions="245" errors="0" warnings="0" failures="0" skipped="0" time="0.024815">
    <testsuite name="all" tests="44" assertions="245" errors="0" warnings="0" failures="0" skipped="0" time="0.024815">
      <testsuite name="App\tests\TestBlackJackCard\BlackJackCardTest" file="/home/didrik/dbwebb-kurser/mvc/me/report/tests/blackjack/BlackJackCardTest.php" tests="4" assertions="8" errors="0" warnings="0" failures="0" skipped="0" time="0.001634">
        <testcase name="testRightValue" class="App\tests\TestBlackJackCard\BlackJackCardTest" classname="App.tests.TestBlackJackCard.BlackJackCardTest" file="/home/didrik/dbwebb-kurser/mvc/me/report/tests/blackjack/BlackJackCardTest.php" line="16" assertions="2" time="0.001022"/>
        <testcase name="testDraw" class="App\tests\TestBlackJackCard\BlackJackCardTest" classname="App.tests.TestBlackJackCard.BlackJackCardTest" file="/home/didrik/dbwebb-kurser/mvc/me/report/tests/blackjack/BlackJackCardTest.php" line="28" assertions="2" time="0.000392"/>
        <testcase name="testString" class="App\tests\TestBlackJackCard\BlackJackCardTest" classname="App.tests.TestBlackJackCard.BlackJackCardTest" file="/home/didrik/dbwebb-kurser/mvc/me/report/tests/blackjack/BlackJackCardTest.php" line="41" assertions="2" time="0.000143"/>
        <testcase name="testStringAfterDraw" class="App\tests\TestBlackJackCard\BlackJackCardTest" classname="App.tests.TestBlackJackCard.BlackJackCardTest" file="/home/didrik/dbwebb-kurser/mvc/me/report/tests/blackjack/BlackJackCardTest.php" line="54" assertions="2" time="0.000077"/>
      </testsuite>
      <testsuite name="App\tests\TestBlackJackDeck\BlackJackDeckTest" file="/home/didrik/dbwebb-kurser/mvc/me/report/tests/blackjack/BlackJackDeckTest.php" tests="7" assertions="67" errors="0" warnings="0" failures="0" skipped="0" time="0.009015">
        <testcase name="testDeckHas52" class="App\tests\TestBlackJackDeck\BlackJackDeckTest" classname="App.tests.TestBlackJackDeck.BlackJackDeckTest" file="/home/didrik/dbwebb-kurser/mvc/me/report/tests/blackjack/BlackJackDeckTest.php" line="16" assertions="2" time="0.000192"/>
        <testcase name="testCheckDeckString" class="App\tests\TestBlackJackDeck\BlackJackDeckTest" classname="App.tests.TestBlackJackDeck.BlackJackDeckTest" file="/home/didrik/dbwebb-kurser/mvc/me/report/tests/blackjack/BlackJackDeckTest.php" line="27" assertions="54" time="0.000436"/>
        <testcase name="testStringHas52" class="App\tests\TestBlackJackDeck\BlackJackDeckTest" classname="App.tests.TestBlackJackDeck.BlackJackDeckTest" file="/home/didrik/dbwebb-kurser/mvc/me/report/tests/blackjack/BlackJackDeckTest.php" line="41" assertions="2" time="0.000167"/>
        <testcase name="testShuffle" class="App\tests\TestBlackJackDeck\BlackJackDeckTest" classname="App.tests.TestBlackJackDeck.BlackJackDeckTest" file="/home/didrik/dbwebb-kurser/mvc/me/report/tests/blackjack/BlackJackDeckTest.php" line="52" assertions="2" time="0.007819"/>
        <testcase name="testDrawAmount" class="App\tests\TestBlackJackDeck\BlackJackDeckTest" classname="App.tests.TestBlackJackDeck.BlackJackDeckTest" file="/home/didrik/dbwebb-kurser/mvc/me/report/tests/blackjack/BlackJackDeckTest.php" line="64" assertions="2" time="0.000146"/>
        <testcase name="testDrawDeck" class="App\tests\TestBlackJackDeck\BlackJackDeckTest" classname="App.tests.TestBlackJackDeck.BlackJackDeckTest" file="/home/didrik/dbwebb-kurser/mvc/me/report/tests/blackjack/BlackJackDeckTest.php" line="76" assertions="2" time="0.000089"/>
        <testcase name="testDrawDeckWithOriginal" class="App\tests\TestBlackJackDeck\BlackJackDeckTest" classname="App.tests.TestBlackJackDeck.BlackJackDeckTest" file="/home/didrik/dbwebb-kurser/mvc/me/report/tests/blackjack/BlackJackDeckTest.php" line="88" assertions="3" time="0.000166"/>
      </testsuite>
      <testsuite name="App\tests\TestBlackJackGraphic\BlackJackGraphicTest" file="/home/didrik/dbwebb-kurser/mvc/me/report/tests/blackjack/BlackJackGraphicTest.php" tests="4" assertions="8" errors="0" warnings="0" failures="0" skipped="0" time="0.000126">
        <testcase name="testRightValue" class="App\tests\TestBlackJackGraphic\BlackJackGraphicTest" classname="App.tests.TestBlackJackGraphic.BlackJackGraphicTest" file="/home/didrik/dbwebb-kurser/mvc/me/report/tests/blackjack/BlackJackGraphicTest.php" line="18" assertions="2" time="0.000033"/>
        <testcase name="testString" class="App\tests\TestBlackJackGraphic\BlackJackGraphicTest" classname="App.tests.TestBlackJackGraphic.BlackJackGraphicTest" file="/home/didrik/dbwebb-kurser/mvc/me/report/tests/blackjack/BlackJackGraphicTest.php" line="30" assertions="2" time="0.000037"/>
        <testcase name="testStringAfterValue" class="App\tests\TestBlackJackGraphic\BlackJackGraphicTest" classname="App.tests.TestBlackJackGraphic.BlackJackGraphicTest" file="/home/didrik/dbwebb-kurser/mvc/me/report/tests/blackjack/BlackJackGraphicTest.php" line="42" assertions="2" time="0.000028"/>
        <testcase name="testStringNotInt" class="App\tests\TestBlackJackGraphic\BlackJackGraphicTest" classname="App.tests.TestBlackJackGraphic.BlackJackGraphicTest" file="/home/didrik/dbwebb-kurser/mvc/me/report/tests/blackjack/BlackJackGraphicTest.php" line="55" assertions="2" time="0.000028"/>
      </testsuite>
      <testsuite name="App\tests\TestBlackJack\BlackJackTest" file="/home/didrik/dbwebb-kurser/mvc/me/report/tests/blackjack/BlackJackTest.php" tests="5" assertions="10" errors="0" warnings="0" failures="0" skipped="0" time="0.000657">
        <testcase name="testPlayerpoints" class="App\tests\TestBlackJack\BlackJackTest" classname="App.tests.TestBlackJack.BlackJackTest" file="/home/didrik/dbwebb-kurser/mvc/me/report/tests/blackjack/BlackJackTest.php" line="17" assertions="2" time="0.000194"/>
        <testcase name="testBankpoints" class="App\tests\TestBlackJack\BlackJackTest" classname="App.tests.TestBlackJack.BlackJackTest" file="/home/didrik/dbwebb-kurser/mvc/me/report/tests/blackjack/BlackJackTest.php" line="31" assertions="2" time="0.000032"/>
        <testcase name="testWrongBankpoints" class="App\tests\TestBlackJack\BlackJackTest" classname="App.tests.TestBlackJack.BlackJackTest" file="/home/didrik/dbwebb-kurser/mvc/me/report/tests/blackjack/BlackJackTest.php" line="44" assertions="2" time="0.000355"/>
        <testcase name="testEssCalculation" class="App\tests\TestBlackJack\BlackJackTest" classname="App.tests.TestBlackJack.BlackJackTest" file="/home/didrik/dbwebb-kurser/mvc/me/report/tests/blackjack/BlackJackTest.php" line="57" assertions="2" time="0.000034"/>
        <testcase name="testEssCalculationToHigh" class="App\tests\TestBlackJack\BlackJackTest" classname="App.tests.TestBlackJack.BlackJackTest" file="/home/didrik/dbwebb-kurser/mvc/me/report/tests/blackjack/BlackJackTest.php" line="70" assertions="2" time="0.000042"/>
      </testsuite>
      <testsuite name="App\tests\CardGraphicTest\CardGraphicTest" file="/home/didrik/dbwebb-kurser/mvc/me/report/tests/card/CardGraphicTest.php" tests="4" assertions="8" errors="0" warnings="0" failures="0" skipped="0" time="0.000538">
        <testcase name="testRightValue" class="App\tests\CardGraphicTest\CardGraphicTest" classname="App.tests.CardGraphicTest.CardGraphicTest" file="/home/didrik/dbwebb-kurser/mvc/me/report/tests/card/CardGraphicTest.php" line="16" assertions="2" time="0.000454"/>
        <testcase name="testString" class="App\tests\CardGraphicTest\CardGraphicTest" classname="App.tests.CardGraphicTest.CardGraphicTest" file="/home/didrik/dbwebb-kurser/mvc/me/report/tests/card/CardGraphicTest.php" line="28" assertions="2" time="0.000031"/>
        <testcase name="testStringAfterValue" class="App\tests\CardGraphicTest\CardGraphicTest" classname="App.tests.CardGraphicTest.CardGraphicTest" file="/home/didrik/dbwebb-kurser/mvc/me/report/tests/card/CardGraphicTest.php" line="40" assertions="2" time="0.000027"/>
        <testcase name="testStringNotInt" class="App\tests\CardGraphicTest\CardGraphicTest" classname="App.tests.CardGraphicTest.CardGraphicTest" file="/home/didrik/dbwebb-kurser/mvc/me/report/tests/card/CardGraphicTest.php" line="53" assertions="2" time="0.000026"/>
      </testsuite>
      <testsuite name="App\tests\CardTest\CardTest" file="/home/didrik/dbwebb-kurser/mvc/me/report/tests/card/CardTest.php" tests="4" assertions="8" errors="0" warnings="0" failures="0" skipped="0" time="0.000281">
        <testcase name="testRightValue" class="App\tests\CardTest\CardTest" classname="App.tests.CardTest.CardTest" file="/home/didrik/dbwebb-kurser/mvc/me/report/tests/card/CardTest.php" line="16" assertions="2" time="0.000052"/>
        <testcase name="testDraw" class="App\tests\CardTest\CardTest" classname="App.tests.CardTest.CardTest" file="/home/didrik/dbwebb-kurser/mvc/me/report/tests/card/CardTest.php" line="28" assertions="2" time="0.000041"/>
        <testcase name="testString" class="App\tests\CardTest\CardTest" classname="App.tests.CardTest.CardTest" file="/home/didrik/dbwebb-kurser/mvc/me/report/tests/card/CardTest.php" line="41" assertions="2" time="0.000112"/>
        <testcase name="testStrignAfterDraw" class="App\tests\CardTest\CardTest" classname="App.tests.CardTest.CardTest" file="/home/didrik/dbwebb-kurser/mvc/me/report/tests/card/CardTest.php" line="54" assertions="2" time="0.000077"/>
      </testsuite>
      <testsuite name="App\tests\DeckOfCardsTest\DeckOfCardsTest" file="/home/didrik/dbwebb-kurser/mvc/me/report/tests/card/DeckOfCardsTest.php" tests="9" assertions="122" errors="0" warnings="0" failures="0" skipped="0" time="0.012274">
        <testcase name="testDeckHas52" class="App\tests\DeckOfCardsTest\DeckOfCardsTest" classname="App.tests.DeckOfCardsTest.DeckOfCardsTest" file="/home/didrik/dbwebb-kurser/mvc/me/report/tests/card/DeckOfCardsTest.php" line="16" assertions="2" time="0.000488"/>
        <testcase name="testCheckDeckString" class="App\tests\DeckOfCardsTest\DeckOfCardsTest" classname="App.tests.DeckOfCardsTest.DeckOfCardsTest" file="/home/didrik/dbwebb-kurser/mvc/me/report/tests/card/DeckOfCardsTest.php" line="27" assertions="54" time="0.000169"/>
        <testcase name="testStringHas52" class="App\tests\DeckOfCardsTest\DeckOfCardsTest" classname="App.tests.DeckOfCardsTest.DeckOfCardsTest" file="/home/didrik/dbwebb-kurser/mvc/me/report/tests/card/DeckOfCardsTest.php" line="41" assertions="2" time="0.000144"/>
        <testcase name="testShuffle" class="App\tests\DeckOfCardsTest\DeckOfCardsTest" classname="App.tests.DeckOfCardsTest.DeckOfCardsTest" file="/home/didrik/dbwebb-kurser/mvc/me/report/tests/card/DeckOfCardsTest.php" line="52" assertions="2" time="0.010424"/>
        <testcase name="testDrawAmount" class="App\tests\DeckOfCardsTest\DeckOfCardsTest" classname="App.tests.DeckOfCardsTest.DeckOfCardsTest" file="/home/didrik/dbwebb-kurser/mvc/me/report/tests/card/DeckOfCardsTest.php" line="64" assertions="2" time="0.000136"/>
        <testcase name="testDrawDeck" class="App\tests\DeckOfCardsTest\DeckOfCardsTest" classname="App.tests.DeckOfCardsTest.DeckOfCardsTest" file="/home/didrik/dbwebb-kurser/mvc/me/report/tests/card/DeckOfCardsTest.php" line="76" assertions="2" time="0.000089"/>
        <testcase name="testDrawDeckWithOriginal" class="App\tests\DeckOfCardsTest\DeckOfCardsTest" classname="App.tests.DeckOfCardsTest.DeckOfCardsTest" file="/home/didrik/dbwebb-kurser/mvc/me/report/tests/card/DeckOfCardsTest.php" line="88" assertions="3" time="0.000147"/>
        <testcase name="testSortAmount" class="App\tests\DeckOfCardsTest\DeckOfCardsTest" classname="App.tests.DeckOfCardsTest.DeckOfCardsTest" file="/home/didrik/dbwebb-kurser/mvc/me/report/tests/card/DeckOfCardsTest.php" line="105" assertions="2" time="0.000359"/>
        <testcase name="testSortNUmberAndFace" class="App\tests\DeckOfCardsTest\DeckOfCardsTest" classname="App.tests.DeckOfCardsTest.DeckOfCardsTest" file="/home/didrik/dbwebb-kurser/mvc/me/report/tests/card/DeckOfCardsTest.php" line="116" assertions="53" time="0.000319"/>
      </testsuite>
      <testsuite name="App\tests\TestGuess21Game\GuessTest" file="/home/didrik/dbwebb-kurser/mvc/me/report/tests/game_21/GuessTest.php" tests="7" assertions="14" errors="0" warnings="0" failures="0" skipped="0" time="0.000290">
        <testcase name="testPlayerpoints" class="App\tests\TestGuess21Game\GuessTest" classname="App.tests.TestGuess21Game.GuessTest" file="/home/didrik/dbwebb-kurser/mvc/me/report/tests/game_21/GuessTest.php" line="16" assertions="2" time="0.000122"/>
        <testcase name="testBankpoints" class="App\tests\TestGuess21Game\GuessTest" classname="App.tests.TestGuess21Game.GuessTest" file="/home/didrik/dbwebb-kurser/mvc/me/report/tests/game_21/GuessTest.php" line="29" assertions="2" time="0.000031"/>
        <testcase name="testEndGame" class="App\tests\TestGuess21Game\GuessTest" classname="App.tests.TestGuess21Game.GuessTest" file="/home/didrik/dbwebb-kurser/mvc/me/report/tests/game_21/GuessTest.php" line="42" assertions="2" time="0.000026"/>
        <testcase name="testGameOver" class="App\tests\TestGuess21Game\GuessTest" classname="App.tests.TestGuess21Game.GuessTest" file="/home/didrik/dbwebb-kurser/mvc/me/report/tests/game_21/GuessTest.php" line="54" assertions="2" time="0.000026"/>
        <testcase name="testSetDeck" class="App\tests\TestGuess21Game\GuessTest" classname="App.tests.TestGuess21Game.GuessTest" file="/home/didrik/dbwebb-kurser/mvc/me/report/tests/game_21/GuessTest.php" line="67" assertions="2" time="0.000027"/>
        <testcase name="testEssCalcOne" class="App\tests\TestGuess21Game\GuessTest" classname="App.tests.TestGuess21Game.GuessTest" file="/home/didrik/dbwebb-kurser/mvc/me/report/tests/game_21/GuessTest.php" line="80" assertions="2" time="0.000027"/>
        <testcase name="testEssCalc" class="App\tests\TestGuess21Game\GuessTest" classname="App.tests.TestGuess21Game.GuessTest" file="/home/didrik/dbwebb-kurser/mvc/me/report/tests/game_21/GuessTest.php" line="93" assertions="2" time="0.000029"/>
      </testsuite>
    </testsuite>
  </testsuite>
</testsuites>
